

------------------------- Initialize Optimization Input Parameters -----------------------------------

Optimizer: Nelder-Mead 

-------------------------------------------------------------------------------------------------------

Number of Vertices: 3 

-------------------------------------------------------------------------------------------------------

Guess parameters are: 
 
-2.3 1.0

-------------------------------------------------------------------------------------------------------

2 Fitting parameters are:  

-2.3 1.0

-------------------------------------------------------------------------------------------------------

0 Fixed parameters are: 



-------------------------------------------------------------------------------------------------------

0 constrained parameters : 

-------------------------------------------------------------------------------------------------------

Nelder-Mead Perturb random 1.0

2 step size is : 

-1.0 1.0
-------------------------------------------------------------------------------------------------------


 

====================================================================

Current iteration: 0 starts 


Compute the centroid  ...

Perform reflection ... 

Reflected vertex is worst than that of the worst vertex ...

Perform inside contraction ... 


Inside contraction is accepted ... 

Current iteration: 0 finishes 


Current Best objective: 1751.7656868100


Current Best parameters: -2.3 2.0


Then, start next iteration ... 

====================================================================

Current iteration: 1 starts 


Compute the centroid  ...

Perform reflection ... 

Reflection is accepted ... 

Current iteration: 1 finishes 


Current Best objective: 1751.7656868100


Current Best parameters: -2.3 2.0


Then, start next iteration ... 

====================================================================

Current iteration: 2 starts 


Compute the centroid  ...

Perform reflection ... 

Perform expansion to further explore the reflected direction ... 

Reflection is accepted ... 

Current iteration: 2 finishes 


Current Best objective: 469.9535685202


Current Best parameters: -3.45 2.75


Then, start next iteration ... 

====================================================================

Current iteration: 3 starts 


Compute the centroid  ...

Perform reflection ... 

Perform expansion to further explore the reflected direction ... 

Reflection is accepted ... 

Current iteration: 3 finishes 


Current Best objective: 55.2658428100


Current Best parameters: -2.3000000000000003 3.0


Then, start next iteration ... 

====================================================================

Current iteration: 4 starts 


Compute the centroid  ...

Perform reflection ... 

Reflected vertex is in between second-worst vertex and worst vertex ... 
Perform outside contraction ... 


Outside contraction is accepted ... 

Current iteration: 4 finishes 


Current Best objective: 36.1262939696


Current Best parameters: -3.1625 3.3125


Then, start next iteration ... 

====================================================================

Current iteration: 5 starts 


Compute the centroid  ...

Perform reflection ... 

Reflected vertex is worst than that of the worst vertex ...

Perform inside contraction ... 


Inside contraction is accepted ... 

Current iteration: 5 finishes 


Current Best objective: 17.1504208070


Current Best parameters: -3.090625 2.953125


Then, start next iteration ... 

====================================================================

Current iteration: 6 starts 


Compute the centroid  ...

Perform reflection ... 

Reflected vertex is worst than that of the worst vertex ...

Perform inside contraction ... 


Inside contraction is accepted ... 

Current iteration: 6 finishes 


Current Best objective: 0.1791054703


Current Best parameters: -2.7132812500000005 3.06640625


Then, start next iteration ... 

====================================================================

Current iteration: 7 starts 


Compute the centroid  ...

Perform reflection ... 

Reflected vertex is worst than that of the worst vertex ...

Perform inside contraction ... 


Inside contraction is accepted ... 

Current iteration: 7 finishes 


Current Best objective: 0.1791054703


Current Best parameters: -2.7132812500000005 3.06640625


Then, start next iteration ... 

====================================================================

Current iteration: 8 starts 


Compute the centroid  ...

Perform reflection ... 

Reflection is accepted ... 

Current iteration: 8 finishes 


Current Best objective: 0.1791054703


Current Best parameters: -2.7132812500000005 3.06640625


Then, start next iteration ... 

====================================================================

Current iteration: 9 starts 


Compute the centroid  ...

Perform reflection ... 

Reflected vertex is worst than that of the worst vertex ...

Perform inside contraction ... 


Inside contraction is accepted ... 

Current iteration: 9 finishes 


Current Best objective: 0.0193165279


Current Best parameters: -2.858154296875 3.165771484375


Then, start next iteration ... 

====================================================================

Current iteration: 10 starts 


Compute the centroid  ...

Perform reflection ... 

Reflected vertex is in between second-worst vertex and worst vertex ... 
Perform outside contraction ... 


Outside contraction is accepted ... 

Current iteration: 10 finishes 


Current Best objective: 0.0193165279


Current Best parameters: -2.858154296875 3.165771484375


Then, start next iteration ... 

====================================================================

Current iteration: 11 starts 


Compute the centroid  ...

Perform reflection ... 

Reflected vertex is worst than that of the worst vertex ...

Perform inside contraction ... 


Inside contraction is accepted ... 

Current iteration: 11 finishes 


Current Best objective: 0.0104731337


Current Best parameters: -2.7839630126953128 3.0838775634765625


Then, start next iteration ... 

====================================================================

Current iteration: 12 starts 


Compute the centroid  ...

Perform reflection ... 

Reflected vertex is in between second-worst vertex and worst vertex ... 
Perform outside contraction ... 


Outside contraction is accepted ... 

Current iteration: 12 finishes 


Current Best objective: 0.0032584869


Current Best parameters: -2.80602035522461 3.168773651123047


Then, start next iteration ... 

====================================================================

Current iteration: 13 starts 


Compute the centroid  ...

Perform reflection ... 

Reflected vertex is worst than that of the worst vertex ...

Perform inside contraction ... 


Inside contraction is accepted ... 

Current iteration: 13 finishes 


Current Best objective: 0.0005487458


Current Best parameters: -2.8265729904174806 3.1460485458374023


Then, start next iteration ... 

====================================================================

Current iteration: 14 starts 


Compute the centroid  ...

Perform reflection ... 

Reflected vertex is worst than that of the worst vertex ...

Perform inside contraction ... 


Inside contraction is accepted ... 

Current iteration: 14 finishes 


Current Best objective: 0.0000280915


Current Best parameters: -2.800129842758179 3.1206443309783936


Then, start next iteration ... 

====================================================================

Current iteration: 15 starts 


Compute the centroid  ...

Perform reflection ... 

Reflected vertex is in between second-worst vertex and worst vertex ... 
Perform outside contraction ... 


Outside contraction is accepted ... 

Current iteration: 15 finishes 


Current Best objective: 0.0000280915


Current Best parameters: -2.800129842758179 3.1206443309783936


Then, start next iteration ... 

====================================================================

Current iteration: 16 starts 


Compute the centroid  ...

Perform reflection ... 

Reflected vertex is worst than that of the worst vertex ...

Perform inside contraction ... 


Inside contraction is accepted ... 

Current iteration: 16 finishes 


Current Best objective: 0.0000257209


Current Best parameters: -2.8175731927156447 3.1320935636758804


Then, start next iteration ... 

====================================================================

Current iteration: 17 starts 


Compute the centroid  ...

Perform reflection ... 

Perform expansion to further explore the reflected direction ... 

Reflection is accepted ... 

Current iteration: 17 finishes 


Current Best objective: 0.0000040922


Current Best parameters: -2.8006860882043836 3.1371050626039505


Then, start next iteration ... 

====================================================================

Current iteration: 18 starts 


Compute the centroid  ...

Perform reflection ... 

Reflected vertex is worst than that of the worst vertex ...

Perform inside contraction ... 


Inside contraction is accepted ... 

Current iteration: 18 finishes 


Current Best objective: 0.0000003054


Current Best parameters: -2.8046297416090966 3.1276218220591545


Then, start next iteration ... 

====================================================================

Current iteration: 19 starts 


Compute the centroid  ...

Perform reflection ... 

Reflected vertex is worst than that of the worst vertex ...

Perform inside contraction ... 


Inside contraction is accepted ... 

Current iteration: 19 finishes 


Current Best objective: 0.0000003054


Current Best parameters: -2.8046297416090966 3.1276218220591545


Then, start next iteration ... 

====================================================================

Current iteration: 20 starts 


Compute the centroid  ...

Perform reflection ... 

Reflected vertex is worst than that of the worst vertex ...

Perform inside contraction ... 


Inside contraction is accepted ... 

Current iteration: 20 finishes 


Current Best objective: 0.0000000561


Current Best parameters: -2.8040293679572637 3.133515112567693


Convergence criterion 4 is met: the standard deviation of force-field paramteters across all vertices is 1.0e-06  !

Optimization converges and program exits ... 

